[Tue, 26 May 15 21:29:32 +0800][WARNING] test
[Tue, 26 May 15 21:29:32 +0800][WARNING] aaaaaaaaaaaaa
[Tue, 26 May 15 21:29:32 +0800][WARNING] bbbbbbbbbb
[Tue, 26 May 15 21:29:32 +0800][WARNING] ccccccc
[Tue, 26 May 15 21:29:32 +0800][WARNING] ddddddddd
[Tue, 26 May 15 21:37:28 +0800][WARNING] test
[Tue, 26 May 15 21:37:28 +0800][WARNING] aaaaaaaaaaaaa
[Tue, 26 May 15 21:37:28 +0800][WARNING] bbbbbbbbbb
[Tue, 26 May 15 21:37:28 +0800][WARNING] ccccccc
[Tue, 26 May 15 21:37:28 +0800][WARNING] ddddddddd
[Tue, 26 May 15 21:37:36 +0800][WARNING] test
[Tue, 26 May 15 21:37:36 +0800][WARNING] aaaaaaaaaaaaa
[Tue, 26 May 15 21:37:36 +0800][WARNING] bbbbbbbbbb
[Tue, 26 May 15 21:37:36 +0800][WARNING] ccccccc
[Tue, 26 May 15 21:37:36 +0800][WARNING] ddddddddd
[Tue, 26 May 15 21:38:01 +0800][WARNING] test
[Tue, 26 May 15 21:38:01 +0800][WARNING] aaaaaaaaaaaaa
[Tue, 26 May 15 21:38:01 +0800][WARNING] bbbbbbbbbb
[Tue, 26 May 15 21:38:01 +0800][WARNING] ccccccc
[Tue, 26 May 15 21:38:01 +0800][WARNING] ddddddddd
[Tue, 26 May 15 21:38:05 +0800][WARNING] test
[Tue, 26 May 15 21:38:05 +0800][WARNING] aaaaaaaaaaaaa
[Tue, 26 May 15 21:38:05 +0800][WARNING] bbbbbbbbbb
[Tue, 26 May 15 21:38:05 +0800][WARNING] ccccccc
[Tue, 26 May 15 21:38:05 +0800][WARNING] ddddddddd
[Tue, 26 May 15 21:38:11 +0800][WARNING] test
[Tue, 26 May 15 21:38:11 +0800][WARNING] aaaaaaaaaaaaa
[Tue, 26 May 15 21:38:11 +0800][WARNING] bbbbbbbbbb
[Tue, 26 May 15 21:38:11 +0800][WARNING] ccccccc
[Tue, 26 May 15 21:38:11 +0800][WARNING] ddddddddd
[Tue, 26 May 15 21:42:33 +0800][WARNING] test
[Tue, 26 May 15 21:42:33 +0800][WARNING] aaaaaaaaaaaaa
[Tue, 26 May 15 21:42:33 +0800][WARNING] bbbbbbbbbb
[Tue, 26 May 15 21:42:33 +0800][WARNING] ccccccc
[Tue, 26 May 15 21:42:33 +0800][WARNING] ddddddddd
